[2026-02-07T12:33:17.7863240Z] TRUNCATED: /logs/bank/bank-api-20260207.json (89381 -> 88937)
[2026-02-07T13:53:20.5073672Z] TRUNCATED: /logs/paypal/paypal-api-20260207.json (17218 -> 16766)
[2026-02-07T13:54:50.7941205Z] TRUNCATED: /logs/paypal/paypal-api-20260207.json (18437 -> 18266)
[2026-02-07T13:54:51.9050991Z] TRUNCATED: /logs/webshop/webshop-api-20260207.json (119522 -> 119064)
[2026-02-07T13:55:24.0388465Z] TRUNCATED: /logs/psp/psp-20260207.json (121226 -> 120781)
[2026-02-07T14:01:57.8184899Z] TRUNCATED: /logs/bank/bank-api-20260207.json (421485 -> 421477)
[2026-02-07T14:03:58.5820194Z] TRUNCATED: /logs/bank/bank-api-20260207.json (425638 -> 423941)
[2026-02-07T15:28:43.4800613Z] MISSING: /logs/psp/psp-20260207.json
[2026-02-07T15:28:43.8691751Z] MISSING: /logs/psp/psp-20260207.json
[2026-02-07T15:28:44.0513089Z] MISSING: /logs/paypal/paypal-api-20260207.json
[2026-02-07T15:28:45.9769251Z] MISSING: /logs/bank/bank-api-20260207.json
[2026-02-07T15:28:46.4463658Z] MISSING: /logs/psp/psp-20260207.json
[2026-02-07T15:29:13.4888985Z] MISSING: /logs/psp/psp-20260207.json
[2026-02-07T15:29:13.8746087Z] MISSING: /logs/psp/psp-20260207.json
[2026-02-07T15:29:14.0553914Z] MISSING: /logs/paypal/paypal-api-20260207.json
[2026-02-07T15:29:15.9835121Z] MISSING: /logs/bank/bank-api-20260207.json
[2026-02-07T15:29:16.4583377Z] MISSING: /logs/psp/psp-20260207.json
[2026-02-07T15:29:43.4979035Z] MISSING: /logs/psp/psp-20260207.json
[2026-02-07T15:29:43.8877662Z] MISSING: /logs/psp/psp-20260207.json
[2026-02-07T15:29:44.0683280Z] MISSING: /logs/paypal/paypal-api-20260207.json
[2026-02-07T15:29:45.9929901Z] MISSING: /logs/bank/bank-api-20260207.json
[2026-02-07T15:29:46.4658228Z] MISSING: /logs/psp/psp-20260207.json
[2026-02-07T15:30:13.5062162Z] MISSING: /logs/psp/psp-20260207.json
[2026-02-07T15:30:13.8929705Z] MISSING: /logs/psp/psp-20260207.json
[2026-02-07T15:30:14.0741839Z] MISSING: /logs/paypal/paypal-api-20260207.json
[2026-02-07T15:30:16.0102023Z] MISSING: /logs/bank/bank-api-20260207.json
[2026-02-07T15:30:16.4891432Z] MISSING: /logs/psp/psp-20260207.json
